2025/08/11 00:18:41 Xbox Controller 0.1.0 å¯åŠ¨ä¸­...
2025/08/11 00:18:41 æ•°æ®åº“è¿æ¥æˆåŠŸ
2025/08/11 00:18:41 ControlleræœåŠ¡å·²å¯åŠ¨
2025/08/11 00:18:41 gRPCåœ°å€: 0.0.0.0:9090
2025/08/11 00:18:41 HTTPåœ°å€: 0.0.0.0:9000
2025/08/11 00:18:41 è¿‡æ»¤å™¨ç®¡ç†è·¯ç”±å·²æ³¨å†Œ (Ginç‰ˆæœ¬)
2025/08/11 00:18:41 gRPCæœåŠ¡å™¨å¯åŠ¨æˆåŠŸï¼Œç›‘å¬åœ°å€: 0.0.0.0:9090
2025/08/11 00:18:41 HTTP APIæœåŠ¡å™¨å¯åŠ¨æˆåŠŸï¼Œç›‘å¬åœ°å€: 0.0.0.0:9000
2025/08/11 00:18:47 æ”¶åˆ°å¿ƒè·³: AgentID=debian-1754880857, Status=online
[GIN] 2025/08/11 - 00:18:51 | 200 |        30.6Âµs |       127.0.0.1 | GET      "/health"
2025/08/11 00:18:53 æ”¶åˆ°å¿ƒè·³: AgentID=debian-1753875293, Status=online
2025/08/11 00:19:17 æ”¶åˆ°å¿ƒè·³: AgentID=debian-1754880857, Status=online
2025/08/11 00:19:23 æ”¶åˆ°å¿ƒè·³: AgentID=debian-1753875293, Status=online
[GIN] 2025/08/11 - 00:19:40 | 200 |    1.390715ms |       127.0.0.1 | GET      "/api/v1/agents/ip-ranges"
[GIN] 2025/08/11 - 00:19:47 | 200 |    1.932821ms |       127.0.0.1 | GET      "/api/v1/agents"
2025/08/11 00:19:47 æ”¶åˆ°å¿ƒè·³: AgentID=debian-1754880857, Status=online
2025/08/11 00:19:53 æ”¶åˆ°å¿ƒè·³: AgentID=debian-1753875293, Status=online
2025/08/11 00:19:57 Agentæ³¨å†Œè¯·æ±‚: ID=debian-1754885997, Hostname=debian, IP=195.78.55.64

2025/08/11 00:19:57 [31;1m/root/wl/code/xbox/internal/controller/repository/agent_repo.go:52 [35;1mrecord not found
[0m[33m[1.040ms] [34;1m[rows:0][0m SELECT * FROM `agents` WHERE id = 'debian-1754885997' AND `agents`.`deleted_at` IS NULL ORDER BY `agents`.`id` LIMIT 1
2025/08/11 00:19:57 Agentæ³¨å†Œå“åº”: Success=true, Message=Agentæ³¨å†ŒæˆåŠŸ
2025/08/11 00:20:17 æ”¶åˆ°å¿ƒè·³: AgentID=debian-1754880857, Status=online
[GIN] 2025/08/11 - 00:20:20 | 200 |    1.298114ms |       127.0.0.1 | GET      "/api/v1/agents/ip-ranges"
2025/08/11 00:20:23 æ”¶åˆ°å¿ƒè·³: AgentID=debian-1753875293, Status=online
[GIN] 2025/08/11 - 00:20:25 | 200 |    1.992521ms |       127.0.0.1 | GET      "/api/v1/agents/ip-ranges?country=United+States"
2025/08/11 00:20:27 æ”¶åˆ°å¿ƒè·³: AgentID=debian-1754885997, Status=online
[GIN] 2025/08/11 - 00:20:44 | 200 |    1.594618ms |       127.0.0.1 | GET      "/api/v1/agents/ip-ranges"
[GIN] 2025/08/11 - 00:20:44 | 200 |      948.01Âµs |       127.0.0.1 | GET      "/api/v1/agents/ip-ranges?country=United+States"
2025/08/11 00:20:47 æ”¶åˆ°å¿ƒè·³: AgentID=debian-1754880857, Status=online
2025/08/11 00:20:53 æ”¶åˆ°å¿ƒè·³: AgentID=debian-1753875293, Status=online
2025/08/11 00:20:58 æ”¶åˆ°å¿ƒè·³: AgentID=debian-1754885997, Status=online
2025/08/11 00:21:17 æ”¶åˆ°å¿ƒè·³: AgentID=debian-1754880857, Status=online
2025/08/11 00:21:23 æ”¶åˆ°å¿ƒè·³: AgentID=debian-1753875293, Status=online
2025/08/11 00:21:27 æ”¶åˆ°å¿ƒè·³: AgentID=debian-1754885997, Status=online
[GIN] 2025/08/11 - 00:21:38 | 200 |    1.214213ms |       127.0.0.1 | GET      "/api/v1/agents/ip-ranges"
2025/08/11 00:21:47 æ”¶åˆ°å¿ƒè·³: AgentID=debian-1754880857, Status=online
2025/08/11 00:21:53 æ”¶åˆ°å¿ƒè·³: AgentID=debian-1753875293, Status=online
2025/08/11 00:21:57 æ”¶åˆ°å¿ƒè·³: AgentID=debian-1754885997, Status=online
2025/08/11 00:22:17 æ”¶åˆ°å¿ƒè·³: AgentID=debian-1754880857, Status=online
2025/08/11 00:22:23 æ”¶åˆ°å¿ƒè·³: AgentID=debian-1753875293, Status=online
2025/08/11 00:22:28 æ”¶åˆ°å¿ƒè·³: AgentID=debian-1754885997, Status=online
2025/08/11 00:22:47 æ”¶åˆ°å¿ƒè·³: AgentID=debian-1754880857, Status=online
2025/08/11 00:22:53 æ”¶åˆ°å¿ƒè·³: AgentID=debian-1753875293, Status=online
2025/08/11 00:22:58 æ”¶åˆ°å¿ƒè·³: AgentID=debian-1754885997, Status=online
2025/08/11 00:23:17 æ”¶åˆ°å¿ƒè·³: AgentID=debian-1754880857, Status=online
2025/08/11 00:23:23 æ”¶åˆ°å¿ƒè·³: AgentID=debian-1753875293, Status=online
2025/08/11 00:23:28 æ”¶åˆ°å¿ƒè·³: AgentID=debian-1754885997, Status=online
2025/08/11 00:23:47 æ”¶åˆ°å¿ƒè·³: AgentID=debian-1754880857, Status=online
2025/08/11 00:23:53 æ”¶åˆ°å¿ƒè·³: AgentID=debian-1753875293, Status=online
2025/08/11 00:23:57 æ”¶åˆ°å¿ƒè·³: AgentID=debian-1754885997, Status=online
2025/08/11 00:24:17 æ”¶åˆ°å¿ƒè·³: AgentID=debian-1754880857, Status=online
2025/08/11 00:24:23 æ”¶åˆ°å¿ƒè·³: AgentID=debian-1753875293, Status=online
2025/08/11 00:24:28 æ”¶åˆ°å¿ƒè·³: AgentID=debian-1754885997, Status=online
2025/08/11 00:24:47 æ”¶åˆ°å¿ƒè·³: AgentID=debian-1754880857, Status=online
2025/08/11 00:24:53 æ”¶åˆ°å¿ƒè·³: AgentID=debian-1753875293, Status=online
2025/08/11 00:24:58 æ”¶åˆ°å¿ƒè·³: AgentID=debian-1754885997, Status=online
2025/08/11 00:25:17 æ”¶åˆ°å¿ƒè·³: AgentID=debian-1754880857, Status=online
2025/08/11 00:25:23 æ”¶åˆ°å¿ƒè·³: AgentID=debian-1753875293, Status=online
2025/08/11 00:25:27 æ”¶åˆ°å¿ƒè·³: AgentID=debian-1754885997, Status=online
2025/08/11 00:25:47 æ”¶åˆ°å¿ƒè·³: AgentID=debian-1754880857, Status=online
2025/08/11 00:25:53 æ”¶åˆ°å¿ƒè·³: AgentID=debian-1753875293, Status=online
2025/08/11 00:25:58 æ”¶åˆ°å¿ƒè·³: AgentID=debian-1754885997, Status=online
2025/08/11 00:26:17 æ”¶åˆ°å¿ƒè·³: AgentID=debian-1754880857, Status=online
2025/08/11 00:26:23 æ”¶åˆ°å¿ƒè·³: AgentID=debian-1753875293, Status=online
2025/08/11 00:26:28 æ”¶åˆ°å¿ƒè·³: AgentID=debian-1754885997, Status=online
2025/08/11 00:26:47 æ”¶åˆ°å¿ƒè·³: AgentID=debian-1754880857, Status=online
2025/08/11 00:26:53 æ”¶åˆ°å¿ƒè·³: AgentID=debian-1753875293, Status=online
2025/08/11 00:26:57 æ”¶åˆ°å¿ƒè·³: AgentID=debian-1754885997, Status=online
2025/08/11 00:27:17 æ”¶åˆ°å¿ƒè·³: AgentID=debian-1754880857, Status=online
2025/08/11 00:27:23 æ”¶åˆ°å¿ƒè·³: AgentID=debian-1753875293, Status=online
2025/08/11 00:27:27 æ”¶åˆ°å¿ƒè·³: AgentID=debian-1754885997, Status=online
2025/08/11 00:27:47 æ”¶åˆ°å¿ƒè·³: AgentID=debian-1754880857, Status=online
2025/08/11 00:27:53 æ”¶åˆ°å¿ƒè·³: AgentID=debian-1753875293, Status=online
2025/08/11 00:27:58 æ”¶åˆ°å¿ƒè·³: AgentID=debian-1754885997, Status=online
2025/08/11 00:28:17 æ”¶åˆ°å¿ƒè·³: AgentID=debian-1754880857, Status=online
2025/08/11 00:28:23 æ”¶åˆ°å¿ƒè·³: AgentID=debian-1753875293, Status=online
2025/08/11 00:28:27 æ”¶åˆ°å¿ƒè·³: AgentID=debian-1754885997, Status=online
2025/08/11 00:28:47 æ”¶åˆ°å¿ƒè·³: AgentID=debian-1754880857, Status=online
2025/08/11 00:28:53 æ”¶åˆ°å¿ƒè·³: AgentID=debian-1753875293, Status=online
2025/08/11 00:28:57 æ”¶åˆ°å¿ƒè·³: AgentID=debian-1754885997, Status=online
2025/08/11 00:29:17 æ”¶åˆ°å¿ƒè·³: AgentID=debian-1754880857, Status=online
2025/08/11 00:29:23 æ”¶åˆ°å¿ƒè·³: AgentID=debian-1753875293, Status=online
2025/08/11 00:29:28 æ”¶åˆ°å¿ƒè·³: AgentID=debian-1754885997, Status=online
2025/08/11 00:29:47 æ”¶åˆ°å¿ƒè·³: AgentID=debian-1754880857, Status=online
2025/08/11 00:29:53 æ”¶åˆ°å¿ƒè·³: AgentID=debian-1753875293, Status=online
2025/08/11 00:29:57 æ”¶åˆ°å¿ƒè·³: AgentID=debian-1754885997, Status=online
2025/08/11 00:30:17 æ”¶åˆ°å¿ƒè·³: AgentID=debian-1754880857, Status=online
2025/08/11 00:30:23 æ”¶åˆ°å¿ƒè·³: AgentID=debian-1753875293, Status=online
2025/08/11 00:30:27 æ”¶åˆ°å¿ƒè·³: AgentID=debian-1754885997, Status=online
2025/08/11 00:30:47 æ”¶åˆ°å¿ƒè·³: AgentID=debian-1754880857, Status=online
2025/08/11 00:30:53 æ”¶åˆ°å¿ƒè·³: AgentID=debian-1753875293, Status=online
2025/08/11 00:30:57 æ”¶åˆ°å¿ƒè·³: AgentID=debian-1754885997, Status=online
2025/08/11 00:31:17 æ”¶åˆ°å¿ƒè·³: AgentID=debian-1754880857, Status=online
2025/08/11 00:31:23 æ”¶åˆ°å¿ƒè·³: AgentID=debian-1753875293, Status=online
2025/08/11 00:31:28 æ”¶åˆ°å¿ƒè·³: AgentID=debian-1754885997, Status=online
2025/08/11 00:31:47 æ”¶åˆ°å¿ƒè·³: AgentID=debian-1754880857, Status=online
2025/08/11 00:31:53 æ”¶åˆ°å¿ƒè·³: AgentID=debian-1753875293, Status=online
2025/08/11 00:31:57 æ”¶åˆ°å¿ƒè·³: AgentID=debian-1754885997, Status=online
2025/08/11 00:32:17 æ”¶åˆ°å¿ƒè·³: AgentID=debian-1754880857, Status=online
2025/08/11 00:32:23 æ”¶åˆ°å¿ƒè·³: AgentID=debian-1753875293, Status=online
2025/08/11 00:32:27 æ”¶åˆ°å¿ƒè·³: AgentID=debian-1754885997, Status=online
[GIN] 2025/08/11 - 00:32:29 | 200 |    1.434014ms |       127.0.0.1 | GET      "/api/v1/agents"
[GIN] 2025/08/11 - 00:32:36 | 404 |       3.101Âµs |       127.0.0.1 | POST     "/api/v1/agents/uninstall"
2025/08/11 00:32:47 æ”¶åˆ°å¿ƒè·³: AgentID=debian-1754880857, Status=online
2025/08/11 00:32:53 æ”¶åˆ°å¿ƒè·³: AgentID=debian-1753875293, Status=online
2025/08/11 00:32:58 æ”¶åˆ°å¿ƒè·³: AgentID=debian-1754885997, Status=online
2025/08/11 00:33:17 æ”¶åˆ°å¿ƒè·³: AgentID=debian-1754880857, Status=online
2025/08/11 00:33:23 æ”¶åˆ°å¿ƒè·³: AgentID=debian-1753875293, Status=online
2025/08/11 00:33:28 æ”¶åˆ°å¿ƒè·³: AgentID=debian-1754885997, Status=online
2025/08/11 00:33:47 æ”¶åˆ°å¿ƒè·³: AgentID=debian-1754880857, Status=online
2025/08/11 00:33:53 æ”¶åˆ°å¿ƒè·³: AgentID=debian-1753875293, Status=online
2025/08/11 00:33:58 æ”¶åˆ°å¿ƒè·³: AgentID=debian-1754885997, Status=online
2025/08/11 00:34:17 æ”¶åˆ°å¿ƒè·³: AgentID=debian-1754880857, Status=online
2025/08/11 00:34:23 æ”¶åˆ°å¿ƒè·³: AgentID=debian-1753875293, Status=online
2025/08/11 00:34:27 æ”¶åˆ°å¿ƒè·³: AgentID=debian-1754885997, Status=online
2025/08/11 00:34:47 æ”¶åˆ°å¿ƒè·³: AgentID=debian-1754880857, Status=online
2025/08/11 00:34:53 æ”¶åˆ°å¿ƒè·³: AgentID=debian-1753875293, Status=online
2025/08/11 00:34:58 æ”¶åˆ°å¿ƒè·³: AgentID=debian-1754885997, Status=online
2025/08/11 00:35:17 æ”¶åˆ°å¿ƒè·³: AgentID=debian-1754880857, Status=online
2025/08/11 00:35:23 æ”¶åˆ°å¿ƒè·³: AgentID=debian-1753875293, Status=online
2025/08/11 00:35:28 æ”¶åˆ°å¿ƒè·³: AgentID=debian-1754885997, Status=online
[GIN] 2025/08/11 - 00:35:42 | 404 |         4.6Âµs |       127.0.0.1 | POST     "/api/v1/agents/uninstall"
2025/08/11 00:35:47 æ”¶åˆ°å¿ƒè·³: AgentID=debian-1754880857, Status=online
2025/08/11 00:35:53 æ”¶åˆ°å¿ƒè·³: AgentID=debian-1753875293, Status=online
[GIN] 2025/08/11 - 00:35:56 | 404 |         3.5Âµs |       127.0.0.1 | POST     "/api/v1/agents/uninstall"
2025/08/11 00:35:58 æ”¶åˆ°å¿ƒè·³: AgentID=debian-1754885997, Status=online
2025/08/11 00:36:17 æ”¶åˆ°å¿ƒè·³: AgentID=debian-1754880857, Status=online
[GIN] 2025/08/11 - 00:36:18 | 404 |         3.6Âµs |       127.0.0.1 | POST     "/api/v1/agents/uninstall"
2025/08/11 00:36:23 æ”¶åˆ°å¿ƒè·³: AgentID=debian-1753875293, Status=online
2025/08/11 00:36:27 æ”¶åˆ°å¿ƒè·³: AgentID=debian-1754885997, Status=online
[GIN] 2025/08/11 - 00:36:29 | 404 |         3.3Âµs |       127.0.0.1 | POST     "/api/v1/agents/uninstall"
2025/08/11 00:36:47 æ”¶åˆ°å¿ƒè·³: AgentID=debian-1754880857, Status=online
2025/08/11 00:36:53 æ”¶åˆ°å¿ƒè·³: AgentID=debian-1753875293, Status=online
2025/08/11 00:36:57 æ”¶åˆ°å¿ƒè·³: AgentID=debian-1754885997, Status=online
2025/08/11 00:37:17 æ”¶åˆ°å¿ƒè·³: AgentID=debian-1754880857, Status=online
2025/08/11 00:37:23 æ”¶åˆ°å¿ƒè·³: AgentID=debian-1753875293, Status=online
2025/08/11 00:37:28 æ”¶åˆ°å¿ƒè·³: AgentID=debian-1754885997, Status=online
2025/08/11 00:37:47 æ”¶åˆ°å¿ƒè·³: AgentID=debian-1754880857, Status=online
2025/08/11 00:37:53 æ”¶åˆ°å¿ƒè·³: AgentID=debian-1753875293, Status=online
2025/08/11 00:37:58 æ”¶åˆ°å¿ƒè·³: AgentID=debian-1754885997, Status=online
2025/08/11 00:38:17 æ”¶åˆ°å¿ƒè·³: AgentID=debian-1754880857, Status=online
2025/08/11 00:38:23 æ”¶åˆ°å¿ƒè·³: AgentID=debian-1753875293, Status=online
2025/08/11 00:38:27 æ”¶åˆ°å¿ƒè·³: AgentID=debian-1754885997, Status=online
2025/08/11 00:38:44 æ­£åœ¨å…³é—­æœåŠ¡...
2025/08/11 00:38:44 æ­£åœ¨åœæ­¢gRPCæœåŠ¡å™¨...
2025/08/11 00:38:44 gRPCæœåŠ¡å™¨å·²åœæ­¢
2025/08/11 00:38:44 æ­£åœ¨åœæ­¢HTTPæœåŠ¡å™¨...
2025/08/11 00:38:44 HTTPæœåŠ¡å™¨å¯åŠ¨å¤±è´¥: http: Server closed
