2025/08/10 23:47:54 Xbox Controller 0.1.0 å¯åŠ¨ä¸­...
2025/08/10 23:47:54 æ•°æ®åº“è¿æ¥æˆåŠŸ
2025/08/10 23:47:54 ControlleræœåŠ¡å·²å¯åŠ¨
2025/08/10 23:47:54 gRPCåœ°å€: 0.0.0.0:9090
2025/08/10 23:47:54 HTTPåœ°å€: 0.0.0.0:9000
2025/08/10 23:47:54 è¿‡æ»¤å™¨ç®¡ç†è·¯ç”±å·²æ³¨å†Œ (Ginç‰ˆæœ¬)
2025/08/10 23:47:54 gRPCæœåŠ¡å™¨å¯åŠ¨æˆåŠŸï¼Œç›‘å¬åœ°å€: 0.0.0.0:9090
2025/08/10 23:47:54 HTTP APIæœåŠ¡å™¨å¯åŠ¨æˆåŠŸï¼Œç›‘å¬åœ°å€: 0.0.0.0:9000
[GIN] 2025/08/10 - 23:48:04 | 200 |      70.101Âµs |       127.0.0.1 | GET      "/health"

2025/08/10 23:48:10 [31;1m/root/wl/code/xbox/internal/controller/service/multiplex.go:246 [35;1mError 1146 (42S02): Table 'xbox_manager.multiplex_configs' doesn't exist
[0m[33m[0.336ms] [34;1m[rows:0][0m SELECT count(*) FROM `multiplex_configs`

2025/08/10 23:48:10 [31;1m/root/wl/code/xbox/internal/controller/service/multiplex.go:247 [35;1mError 1146 (42S02): Table 'xbox_manager.multiplex_configs' doesn't exist
[0m[33m[0.549ms] [34;1m[rows:0][0m SELECT count(*) FROM `multiplex_configs` WHERE enabled = true

2025/08/10 23:48:10 [31;1m/root/wl/code/xbox/internal/controller/service/multiplex.go:248 [35;1mError 1146 (42S02): Table 'xbox_manager.multiplex_configs' doesn't exist
[0m[33m[0.459ms] [34;1m[rows:0][0m SELECT count(*) FROM `multiplex_configs` WHERE status = 'active'

2025/08/10 23:48:10 [31;1m/root/wl/code/xbox/internal/controller/service/multiplex.go:267 [35;1mError 1146 (42S02): Table 'xbox_manager.multiplex_configs' doesn't exist
[0m[33m[1.875ms] [34;1m[rows:-][0m 
		SELECT 
			protocol,
			COUNT(*) as total,
			SUM(CASE WHEN enabled = 1 THEN 1 ELSE 0 END) as enabled,
			SUM(CASE WHEN status = 'active' THEN 1 ELSE 0 END) as active
		FROM multiplex_configs 
		GROUP BY protocol
	
[GIN] 2025/08/10 - 23:48:10 | 200 |    7.717068ms |       127.0.0.1 | GET      "/api/v1/multiplex/status"
2025/08/10 23:48:17 æ”¶åˆ°å¿ƒè·³: AgentID=debian-1754880857, Status=online
2025/08/10 23:48:23 æ”¶åˆ°å¿ƒè·³: AgentID=debian-1753875293, Status=online
2025/08/10 23:48:47 æ”¶åˆ°å¿ƒè·³: AgentID=debian-1754880857, Status=online
2025/08/10 23:48:53 æ”¶åˆ°å¿ƒè·³: AgentID=debian-1753875293, Status=online
2025/08/10 23:49:17 æ”¶åˆ°å¿ƒè·³: AgentID=debian-1754880857, Status=online
2025/08/10 23:49:23 æ”¶åˆ°å¿ƒè·³: AgentID=debian-1753875293, Status=online
2025/08/10 23:49:47 æ”¶åˆ°å¿ƒè·³: AgentID=debian-1754880857, Status=online
2025/08/10 23:49:53 æ”¶åˆ°å¿ƒè·³: AgentID=debian-1753875293, Status=online
[GIN] 2025/08/10 - 23:50:07 | 200 |    6.306557ms |       127.0.0.1 | GET      "/api/v1/multiplex/status"
2025/08/10 23:50:17 æ”¶åˆ°å¿ƒè·³: AgentID=debian-1754880857, Status=online

2025/08/10 23:50:19 [31;1m/root/wl/code/xbox/internal/controller/service/multiplex.go:76 [35;1mrecord not found
[0m[33m[0.530ms] [34;1m[rows:0][0m SELECT * FROM `multiplex_configs` WHERE agent_id = 'debian-1754880857' AND protocol = 'vmess' ORDER BY `multiplex_configs`.`id` LIMIT 1

2025/08/10 23:50:19 [31;1m/root/wl/code/xbox/internal/controller/service/multiplex.go:92 [35;1mError 1054 (42S22): Unknown column 'multiplex_proto' in 'INSERT INTO'
[0m[33m[0.619ms] [34;1m[rows:0][0m INSERT INTO `multiplex_configs` (`agent_id`,`protocol`,`enabled`,`multiplex_proto`,`max_connections`,`min_streams`,`padding`,`brutal_config`,`status`,`error_message`,`config_version`,`created_at`,`updated_at`) VALUES ('debian-1754880857','vmess',true,'smux',8,4,false,'{"down":"200 Mbps","up":"100 Mbps"}','inactive','','v1754884219','2025-08-10 23:50:19.485','2025-08-10 23:50:19.485') RETURNING `id`
[GIN] 2025/08/10 - 23:50:19 | 500 |    3.168329ms |       127.0.0.1 | POST     "/api/v1/multiplex/config"
2025/08/10 23:50:23 æ”¶åˆ°å¿ƒè·³: AgentID=debian-1753875293, Status=online
2025/08/10 23:50:47 æ”¶åˆ°å¿ƒè·³: AgentID=debian-1754880857, Status=online
2025/08/10 23:50:53 æ”¶åˆ°å¿ƒè·³: AgentID=debian-1753875293, Status=online
2025/08/10 23:50:56 æ­£åœ¨å…³é—­æœåŠ¡...
2025/08/10 23:50:56 æ­£åœ¨åœæ­¢gRPCæœåŠ¡å™¨...
2025/08/10 23:50:56 gRPCæœåŠ¡å™¨å·²åœæ­¢
2025/08/10 23:50:56 æ­£åœ¨åœæ­¢HTTPæœåŠ¡å™¨...
2025/08/10 23:50:56 HTTPæœåŠ¡å™¨å¯åŠ¨å¤±è´¥: http: Server closed
