2025/08/11 00:55:36 Xbox Controller 0.1.0 启动中...
2025/08/11 00:55:36 数据库连接成功
2025/08/11 00:55:36 Controller服务已启动
2025/08/11 00:55:36 gRPC地址: 0.0.0.0:9090
2025/08/11 00:55:36 HTTP地址: 0.0.0.0:9000
2025/08/11 00:55:36 过滤器管理路由已注册 (Gin版本)
2025/08/11 00:55:36 HTTP API服务器启动成功，监听地址: 0.0.0.0:9000
2025/08/11 00:55:36 gRPC服务器启动成功，监听地址: 0.0.0.0:9090
2025/08/11 00:56:17 收到心跳: AgentID=debian-1754880857, Status=online
2025/08/11 00:56:47 收到心跳: AgentID=debian-1754880857, Status=online
2025/08/11 00:56:53 收到心跳: AgentID=debian-1753875293, Status=online
2025/08/11 00:56:57 收到心跳: AgentID=debian-1754885997, Status=online
2025/08/11 00:57:17 收到心跳: AgentID=debian-1754880857, Status=online
2025/08/11 00:57:23 收到心跳: AgentID=debian-1753875293, Status=online
2025/08/11 00:57:27 收到心跳: AgentID=debian-1754885997, Status=online
2025/08/11 00:57:47 收到心跳: AgentID=debian-1754880857, Status=online
2025/08/11 00:57:53 收到心跳: AgentID=debian-1753875293, Status=online
2025/08/11 00:57:58 收到心跳: AgentID=debian-1754885997, Status=online
2025/08/11 00:58:17 收到心跳: AgentID=debian-1754880857, Status=online
2025/08/11 00:58:23 收到心跳: AgentID=debian-1753875293, Status=online
2025/08/11 00:58:28 收到心跳: AgentID=debian-1754885997, Status=online
2025/08/11 00:58:47 收到心跳: AgentID=debian-1754880857, Status=online
2025/08/11 00:58:53 收到心跳: AgentID=debian-1753875293, Status=online
2025/08/11 00:58:58 收到心跳: AgentID=debian-1754885997, Status=online
2025/08/11 00:59:17 收到心跳: AgentID=debian-1754880857, Status=online
2025/08/11 00:59:23 收到心跳: AgentID=debian-1753875293, Status=online
2025/08/11 00:59:27 收到心跳: AgentID=debian-1754885997, Status=online
2025/08/11 00:59:47 收到心跳: AgentID=debian-1754880857, Status=online
2025/08/11 00:59:53 收到心跳: AgentID=debian-1753875293, Status=online
2025/08/11 00:59:58 收到心跳: AgentID=debian-1754885997, Status=online
2025/08/11 01:00:17 收到心跳: AgentID=debian-1754880857, Status=online
2025/08/11 01:00:23 收到心跳: AgentID=debian-1753875293, Status=online
2025/08/11 01:00:28 收到心跳: AgentID=debian-1754885997, Status=online
2025/08/11 01:00:47 收到心跳: AgentID=debian-1754880857, Status=online
2025/08/11 01:00:53 收到心跳: AgentID=debian-1753875293, Status=online
2025/08/11 01:00:58 收到心跳: AgentID=debian-1754885997, Status=online
2025/08/11 01:01:17 收到心跳: AgentID=debian-1754880857, Status=online
2025/08/11 01:01:23 收到心跳: AgentID=debian-1753875293, Status=online
2025/08/11 01:01:27 收到心跳: AgentID=debian-1754885997, Status=online
2025/08/11 01:01:47 收到心跳: AgentID=debian-1754880857, Status=online
2025/08/11 01:01:53 收到心跳: AgentID=debian-1753875293, Status=online
2025/08/11 01:01:58 收到心跳: AgentID=debian-1754885997, Status=online
2025/08/11 01:02:17 收到心跳: AgentID=debian-1754880857, Status=online
2025/08/11 01:02:23 收到心跳: AgentID=debian-1753875293, Status=online
2025/08/11 01:02:28 收到心跳: AgentID=debian-1754885997, Status=online
2025/08/11 01:02:47 收到心跳: AgentID=debian-1754880857, Status=online
2025/08/11 01:02:53 收到心跳: AgentID=debian-1753875293, Status=online
2025/08/11 01:02:58 收到心跳: AgentID=debian-1754885997, Status=online
2025/08/11 01:03:17 收到心跳: AgentID=debian-1754880857, Status=online
2025/08/11 01:03:23 收到心跳: AgentID=debian-1753875293, Status=online
2025/08/11 01:03:28 收到心跳: AgentID=debian-1754885997, Status=online
2025/08/11 01:03:47 收到心跳: AgentID=debian-1754880857, Status=online
2025/08/11 01:03:53 收到心跳: AgentID=debian-1753875293, Status=online
2025/08/11 01:03:58 收到心跳: AgentID=debian-1754885997, Status=online
2025/08/11 01:04:17 收到心跳: AgentID=debian-1754880857, Status=online
2025/08/11 01:04:23 收到心跳: AgentID=debian-1753875293, Status=online
2025/08/11 01:04:28 收到心跳: AgentID=debian-1754885997, Status=online
2025/08/11 01:04:47 收到心跳: AgentID=debian-1754880857, Status=online
2025/08/11 01:04:53 收到心跳: AgentID=debian-1753875293, Status=online
2025/08/11 01:04:58 收到心跳: AgentID=debian-1754885997, Status=online
2025/08/11 01:05:17 收到心跳: AgentID=debian-1754880857, Status=online
2025/08/11 01:05:23 收到心跳: AgentID=debian-1753875293, Status=online
2025/08/11 01:05:28 收到心跳: AgentID=debian-1754885997, Status=online
2025/08/11 01:05:47 收到心跳: AgentID=debian-1754880857, Status=online
2025/08/11 01:05:53 收到心跳: AgentID=debian-1753875293, Status=online
2025/08/11 01:05:58 收到心跳: AgentID=debian-1754885997, Status=online
2025/08/11 01:06:17 收到心跳: AgentID=debian-1754880857, Status=online
2025/08/11 01:06:23 收到心跳: AgentID=debian-1753875293, Status=online
2025/08/11 01:06:28 收到心跳: AgentID=debian-1754885997, Status=online
2025/08/11 01:06:47 收到心跳: AgentID=debian-1754880857, Status=online
2025/08/11 01:06:53 收到心跳: AgentID=debian-1753875293, Status=online
2025/08/11 01:06:58 收到心跳: AgentID=debian-1754885997, Status=online
2025/08/11 01:07:17 收到心跳: AgentID=debian-1754880857, Status=online
2025/08/11 01:07:23 收到心跳: AgentID=debian-1753875293, Status=online
2025/08/11 01:07:28 收到心跳: AgentID=debian-1754885997, Status=online
2025/08/11 01:07:47 收到心跳: AgentID=debian-1754880857, Status=online
2025/08/11 01:07:53 收到心跳: AgentID=debian-1753875293, Status=online
2025/08/11 01:07:58 收到心跳: AgentID=debian-1754885997, Status=online
2025/08/11 01:08:17 收到心跳: AgentID=debian-1754880857, Status=online
2025/08/11 01:08:23 收到心跳: AgentID=debian-1753875293, Status=online
2025/08/11 01:08:28 收到心跳: AgentID=debian-1754885997, Status=online
2025/08/11 01:08:47 收到心跳: AgentID=debian-1754880857, Status=online
2025/08/11 01:08:53 收到心跳: AgentID=debian-1753875293, Status=online
2025/08/11 01:08:58 收到心跳: AgentID=debian-1754885997, Status=online
2025/08/11 01:09:17 收到心跳: AgentID=debian-1754880857, Status=online
2025/08/11 01:09:23 收到心跳: AgentID=debian-1753875293, Status=online
2025/08/11 01:09:27 收到心跳: AgentID=debian-1754885997, Status=online
2025/08/11 01:09:47 收到心跳: AgentID=debian-1754880857, Status=online
2025/08/11 01:09:53 收到心跳: AgentID=debian-1753875293, Status=online
2025/08/11 01:09:57 收到心跳: AgentID=debian-1754885997, Status=online
2025/08/11 01:10:17 收到心跳: AgentID=debian-1754880857, Status=online
2025/08/11 01:10:23 收到心跳: AgentID=debian-1753875293, Status=online
2025/08/11 01:10:28 收到心跳: AgentID=debian-1754885997, Status=online
2025/08/11 01:10:47 收到心跳: AgentID=debian-1754880857, Status=online
2025/08/11 01:10:53 收到心跳: AgentID=debian-1753875293, Status=online
2025/08/11 01:10:58 收到心跳: AgentID=debian-1754885997, Status=online
2025/08/11 01:11:17 收到心跳: AgentID=debian-1754880857, Status=online
2025/08/11 01:11:23 收到心跳: AgentID=debian-1753875293, Status=online
2025/08/11 01:11:28 收到心跳: AgentID=debian-1754885997, Status=online
2025/08/11 01:11:47 收到心跳: AgentID=debian-1754880857, Status=online
2025/08/11 01:11:53 收到心跳: AgentID=debian-1753875293, Status=online
2025/08/11 01:11:57 收到心跳: AgentID=debian-1754885997, Status=online
2025/08/11 01:12:17 收到心跳: AgentID=debian-1754880857, Status=online
2025/08/11 01:12:23 收到心跳: AgentID=debian-1753875293, Status=online
2025/08/11 01:12:28 收到心跳: AgentID=debian-1754885997, Status=online
2025/08/11 01:12:47 收到心跳: AgentID=debian-1754880857, Status=online
2025/08/11 01:12:53 收到心跳: AgentID=debian-1753875293, Status=online
2025/08/11 01:12:57 收到心跳: AgentID=debian-1754885997, Status=online
2025/08/11 01:13:17 收到心跳: AgentID=debian-1754880857, Status=online
2025/08/11 01:13:23 收到心跳: AgentID=debian-1753875293, Status=online
2025/08/11 01:13:28 收到心跳: AgentID=debian-1754885997, Status=online
2025/08/11 01:13:47 收到心跳: AgentID=debian-1754880857, Status=online
2025/08/11 01:13:53 收到心跳: AgentID=debian-1753875293, Status=online
2025/08/11 01:13:57 收到心跳: AgentID=debian-1754885997, Status=online
2025/08/11 01:14:17 收到心跳: AgentID=debian-1754880857, Status=online
2025/08/11 01:14:23 收到心跳: AgentID=debian-1753875293, Status=online
2025/08/11 01:14:28 收到心跳: AgentID=debian-1754885997, Status=online
2025/08/11 01:14:47 收到心跳: AgentID=debian-1754880857, Status=online
2025/08/11 01:14:53 收到心跳: AgentID=debian-1753875293, Status=online
2025/08/11 01:14:57 收到心跳: AgentID=debian-1754885997, Status=online
2025/08/11 01:15:17 收到心跳: AgentID=debian-1754880857, Status=online
2025/08/11 01:15:23 收到心跳: AgentID=debian-1753875293, Status=online
2025/08/11 01:15:27 收到心跳: AgentID=debian-1754885997, Status=online
2025/08/11 01:15:47 收到心跳: AgentID=debian-1754880857, Status=online
2025/08/11 01:15:53 收到心跳: AgentID=debian-1753875293, Status=online
2025/08/11 01:15:58 收到心跳: AgentID=debian-1754885997, Status=online
2025/08/11 01:16:17 收到心跳: AgentID=debian-1754880857, Status=online
2025/08/11 01:16:23 收到心跳: AgentID=debian-1753875293, Status=online
2025/08/11 01:16:28 收到心跳: AgentID=debian-1754885997, Status=online
2025/08/11 01:16:47 收到心跳: AgentID=debian-1754880857, Status=online
2025/08/11 01:16:53 收到心跳: AgentID=debian-1753875293, Status=online
2025/08/11 01:16:58 收到心跳: AgentID=debian-1754885997, Status=online
2025/08/11 01:17:17 收到心跳: AgentID=debian-1754880857, Status=online
2025/08/11 01:17:23 收到心跳: AgentID=debian-1753875293, Status=online
2025/08/11 01:17:27 收到心跳: AgentID=debian-1754885997, Status=online
2025/08/11 01:17:47 收到心跳: AgentID=debian-1754880857, Status=online
2025/08/11 01:17:53 收到心跳: AgentID=debian-1753875293, Status=online
2025/08/11 01:17:58 收到心跳: AgentID=debian-1754885997, Status=online
2025/08/11 01:18:17 收到心跳: AgentID=debian-1754880857, Status=online
2025/08/11 01:18:23 收到心跳: AgentID=debian-1753875293, Status=online
2025/08/11 01:18:28 收到心跳: AgentID=debian-1754885997, Status=online
2025/08/11 01:18:47 收到心跳: AgentID=debian-1754880857, Status=online
2025/08/11 01:18:53 收到心跳: AgentID=debian-1753875293, Status=online
2025/08/11 01:18:58 收到心跳: AgentID=debian-1754885997, Status=online
2025/08/11 01:19:17 收到心跳: AgentID=debian-1754880857, Status=online
2025/08/11 01:19:23 收到心跳: AgentID=debian-1753875293, Status=online
2025/08/11 01:19:27 收到心跳: AgentID=debian-1754885997, Status=online
2025/08/11 01:19:47 收到心跳: AgentID=debian-1754880857, Status=online
2025/08/11 01:19:53 收到心跳: AgentID=debian-1753875293, Status=online
2025/08/11 01:19:57 收到心跳: AgentID=debian-1754885997, Status=online
2025/08/11 01:20:17 收到心跳: AgentID=debian-1754880857, Status=online
2025/08/11 01:20:23 收到心跳: AgentID=debian-1753875293, Status=online
2025/08/11 01:20:27 收到心跳: AgentID=debian-1754885997, Status=online
2025/08/11 01:20:47 收到心跳: AgentID=debian-1754880857, Status=online
2025/08/11 01:20:53 收到心跳: AgentID=debian-1753875293, Status=online
2025/08/11 01:20:58 收到心跳: AgentID=debian-1754885997, Status=online
2025/08/11 01:21:17 收到心跳: AgentID=debian-1754880857, Status=online
2025/08/11 01:21:23 收到心跳: AgentID=debian-1753875293, Status=online
2025/08/11 01:21:27 收到心跳: AgentID=debian-1754885997, Status=online
2025/08/11 01:21:47 收到心跳: AgentID=debian-1754880857, Status=online
2025/08/11 01:21:53 收到心跳: AgentID=debian-1753875293, Status=online
2025/08/11 01:21:58 收到心跳: AgentID=debian-1754885997, Status=online
2025/08/11 01:22:17 收到心跳: AgentID=debian-1754880857, Status=online
2025/08/11 01:22:23 收到心跳: AgentID=debian-1753875293, Status=online
2025/08/11 01:22:27 收到心跳: AgentID=debian-1754885997, Status=online
2025/08/11 01:22:47 收到心跳: AgentID=debian-1754880857, Status=online
2025/08/11 01:22:53 收到心跳: AgentID=debian-1753875293, Status=online
2025/08/11 01:22:58 收到心跳: AgentID=debian-1754885997, Status=online
2025/08/11 01:23:17 收到心跳: AgentID=debian-1754880857, Status=online
2025/08/11 01:23:23 收到心跳: AgentID=debian-1753875293, Status=online
2025/08/11 01:23:28 收到心跳: AgentID=debian-1754885997, Status=online
2025/08/11 01:23:47 收到心跳: AgentID=debian-1754880857, Status=online
2025/08/11 01:23:53 收到心跳: AgentID=debian-1753875293, Status=online
2025/08/11 01:23:57 收到心跳: AgentID=debian-1754885997, Status=online
2025/08/11 01:24:17 收到心跳: AgentID=debian-1754880857, Status=online
2025/08/11 01:24:23 收到心跳: AgentID=debian-1753875293, Status=online
2025/08/11 01:24:27 收到心跳: AgentID=debian-1754885997, Status=online
2025/08/11 01:24:47 收到心跳: AgentID=debian-1754880857, Status=online
2025/08/11 01:24:53 收到心跳: AgentID=debian-1753875293, Status=online
2025/08/11 01:24:58 收到心跳: AgentID=debian-1754885997, Status=online
2025/08/11 01:25:17 收到心跳: AgentID=debian-1754880857, Status=online
2025/08/11 01:25:23 收到心跳: AgentID=debian-1753875293, Status=online
2025/08/11 01:25:27 收到心跳: AgentID=debian-1754885997, Status=online
2025/08/11 01:25:47 收到心跳: AgentID=debian-1754880857, Status=online
2025/08/11 01:25:53 收到心跳: AgentID=debian-1753875293, Status=online
2025/08/11 01:25:58 收到心跳: AgentID=debian-1754885997, Status=online
2025/08/11 01:26:17 收到心跳: AgentID=debian-1754880857, Status=online
2025/08/11 01:26:23 收到心跳: AgentID=debian-1753875293, Status=online
2025/08/11 01:26:27 收到心跳: AgentID=debian-1754885997, Status=online
2025/08/11 01:26:47 收到心跳: AgentID=debian-1754880857, Status=online
2025/08/11 01:26:53 收到心跳: AgentID=debian-1753875293, Status=online
2025/08/11 01:26:58 收到心跳: AgentID=debian-1754885997, Status=online
[GIN] 2025/08/11 - 01:27:02 | 200 |        42.1µs |    20.163.34.47 | GET      "/"
2025/08/11 01:27:17 收到心跳: AgentID=debian-1754880857, Status=online
2025/08/11 01:27:23 收到心跳: AgentID=debian-1753875293, Status=online
2025/08/11 01:27:28 收到心跳: AgentID=debian-1754885997, Status=online
2025/08/11 01:27:47 收到心跳: AgentID=debian-1754880857, Status=online
2025/08/11 01:27:53 收到心跳: AgentID=debian-1753875293, Status=online
2025/08/11 01:27:58 收到心跳: AgentID=debian-1754885997, Status=online
2025/08/11 01:28:17 收到心跳: AgentID=debian-1754880857, Status=online
2025/08/11 01:28:23 收到心跳: AgentID=debian-1753875293, Status=online
2025/08/11 01:28:28 收到心跳: AgentID=debian-1754885997, Status=online
2025/08/11 01:28:47 收到心跳: AgentID=debian-1754880857, Status=online
2025/08/11 01:28:53 收到心跳: AgentID=debian-1753875293, Status=online
2025/08/11 01:28:58 收到心跳: AgentID=debian-1754885997, Status=online
2025/08/11 01:29:17 收到心跳: AgentID=debian-1754880857, Status=online
2025/08/11 01:29:23 收到心跳: AgentID=debian-1753875293, Status=online
2025/08/11 01:29:28 收到心跳: AgentID=debian-1754885997, Status=online
2025/08/11 01:29:47 收到心跳: AgentID=debian-1754880857, Status=online
2025/08/11 01:29:53 收到心跳: AgentID=debian-1753875293, Status=online
2025/08/11 01:29:58 收到心跳: AgentID=debian-1754885997, Status=online
2025/08/11 01:30:17 收到心跳: AgentID=debian-1754880857, Status=online
2025/08/11 01:30:23 收到心跳: AgentID=debian-1753875293, Status=online
2025/08/11 01:30:27 收到心跳: AgentID=debian-1754885997, Status=online
2025/08/11 01:30:47 收到心跳: AgentID=debian-1754880857, Status=online
2025/08/11 01:30:53 收到心跳: AgentID=debian-1753875293, Status=online
2025/08/11 01:30:58 收到心跳: AgentID=debian-1754885997, Status=online
2025/08/11 01:31:17 收到心跳: AgentID=debian-1754880857, Status=online
2025/08/11 01:31:23 收到心跳: AgentID=debian-1753875293, Status=online
2025/08/11 01:31:28 收到心跳: AgentID=debian-1754885997, Status=online
2025/08/11 01:31:47 收到心跳: AgentID=debian-1754880857, Status=online
2025/08/11 01:31:53 收到心跳: AgentID=debian-1753875293, Status=online
2025/08/11 01:31:58 收到心跳: AgentID=debian-1754885997, Status=online
2025/08/11 01:32:17 收到心跳: AgentID=debian-1754880857, Status=online
2025/08/11 01:32:23 收到心跳: AgentID=debian-1753875293, Status=online
2025/08/11 01:32:28 收到心跳: AgentID=debian-1754885997, Status=online
2025/08/11 01:32:47 收到心跳: AgentID=debian-1754880857, Status=online
2025/08/11 01:32:53 收到心跳: AgentID=debian-1753875293, Status=online
2025/08/11 01:32:58 收到心跳: AgentID=debian-1754885997, Status=online
2025/08/11 01:33:17 收到心跳: AgentID=debian-1754880857, Status=online
2025/08/11 01:33:23 收到心跳: AgentID=debian-1753875293, Status=online
2025/08/11 01:33:27 收到心跳: AgentID=debian-1754885997, Status=online
2025/08/11 01:33:47 收到心跳: AgentID=debian-1754880857, Status=online
2025/08/11 01:33:53 收到心跳: AgentID=debian-1753875293, Status=online
2025/08/11 01:33:58 收到心跳: AgentID=debian-1754885997, Status=online
2025/08/11 01:34:17 收到心跳: AgentID=debian-1754880857, Status=online
2025/08/11 01:34:23 收到心跳: AgentID=debian-1753875293, Status=online
2025/08/11 01:34:27 收到心跳: AgentID=debian-1754885997, Status=online
2025/08/11 01:34:47 收到心跳: AgentID=debian-1754880857, Status=online
2025/08/11 01:34:53 收到心跳: AgentID=debian-1753875293, Status=online
2025/08/11 01:34:57 收到心跳: AgentID=debian-1754885997, Status=online
2025/08/11 01:35:17 收到心跳: AgentID=debian-1754880857, Status=online
2025/08/11 01:35:23 收到心跳: AgentID=debian-1753875293, Status=online
2025/08/11 01:35:28 收到心跳: AgentID=debian-1754885997, Status=online
2025/08/11 01:35:47 收到心跳: AgentID=debian-1754880857, Status=online
2025/08/11 01:35:53 收到心跳: AgentID=debian-1753875293, Status=online
2025/08/11 01:35:58 收到心跳: AgentID=debian-1754885997, Status=online
2025/08/11 01:36:17 收到心跳: AgentID=debian-1754880857, Status=online
2025/08/11 01:36:23 收到心跳: AgentID=debian-1753875293, Status=online
2025/08/11 01:36:28 收到心跳: AgentID=debian-1754885997, Status=online
2025/08/11 01:36:47 收到心跳: AgentID=debian-1754880857, Status=online
2025/08/11 01:36:53 收到心跳: AgentID=debian-1753875293, Status=online
2025/08/11 01:36:57 收到心跳: AgentID=debian-1754885997, Status=online
2025/08/11 01:37:17 收到心跳: AgentID=debian-1754880857, Status=online
2025/08/11 01:37:23 收到心跳: AgentID=debian-1753875293, Status=online
2025/08/11 01:37:27 收到心跳: AgentID=debian-1754885997, Status=online
2025/08/11 01:37:47 收到心跳: AgentID=debian-1754880857, Status=online
2025/08/11 01:37:53 收到心跳: AgentID=debian-1753875293, Status=online
2025/08/11 01:37:58 收到心跳: AgentID=debian-1754885997, Status=online
2025/08/11 01:38:17 收到心跳: AgentID=debian-1754880857, Status=online
2025/08/11 01:38:23 收到心跳: AgentID=debian-1753875293, Status=online
2025/08/11 01:38:28 收到心跳: AgentID=debian-1754885997, Status=online
2025/08/11 01:38:47 收到心跳: AgentID=debian-1754880857, Status=online
2025/08/11 01:38:53 收到心跳: AgentID=debian-1753875293, Status=online
2025/08/11 01:38:57 收到心跳: AgentID=debian-1754885997, Status=online
2025/08/11 01:39:17 收到心跳: AgentID=debian-1754880857, Status=online
2025/08/11 01:39:23 收到心跳: AgentID=debian-1753875293, Status=online
2025/08/11 01:39:28 收到心跳: AgentID=debian-1754885997, Status=online
2025/08/11 01:39:47 收到心跳: AgentID=debian-1754880857, Status=online
2025/08/11 01:39:53 收到心跳: AgentID=debian-1753875293, Status=online
2025/08/11 01:39:58 收到心跳: AgentID=debian-1754885997, Status=online
2025/08/11 01:40:17 收到心跳: AgentID=debian-1754880857, Status=online
2025/08/11 01:40:23 收到心跳: AgentID=debian-1753875293, Status=online
2025/08/11 01:40:28 收到心跳: AgentID=debian-1754885997, Status=online
2025/08/11 01:40:47 收到心跳: AgentID=debian-1754880857, Status=online
2025/08/11 01:40:53 收到心跳: AgentID=debian-1753875293, Status=online
2025/08/11 01:40:57 收到心跳: AgentID=debian-1754885997, Status=online
2025/08/11 01:41:17 收到心跳: AgentID=debian-1754880857, Status=online
[GIN] 2025/08/11 - 01:41:22 | 404 |         4.5µs |   103.203.57.26 | GET      "/echo.php?info=20250811054122"
2025/08/11 01:41:23 收到心跳: AgentID=debian-1753875293, Status=online
2025/08/11 01:41:28 收到心跳: AgentID=debian-1754885997, Status=online
2025/08/11 01:41:47 收到心跳: AgentID=debian-1754880857, Status=online
2025/08/11 01:41:53 收到心跳: AgentID=debian-1753875293, Status=online
2025/08/11 01:41:57 收到心跳: AgentID=debian-1754885997, Status=online
2025/08/11 01:42:17 收到心跳: AgentID=debian-1754880857, Status=online
2025/08/11 01:42:23 收到心跳: AgentID=debian-1753875293, Status=online
2025/08/11 01:42:28 收到心跳: AgentID=debian-1754885997, Status=online
2025/08/11 01:42:47 收到心跳: AgentID=debian-1754880857, Status=online
2025/08/11 01:42:53 收到心跳: AgentID=debian-1753875293, Status=online
2025/08/11 01:42:57 收到心跳: AgentID=debian-1754885997, Status=online
2025/08/11 01:43:17 收到心跳: AgentID=debian-1754880857, Status=online
2025/08/11 01:43:23 收到心跳: AgentID=debian-1753875293, Status=online
2025/08/11 01:43:28 收到心跳: AgentID=debian-1754885997, Status=online
2025/08/11 01:43:47 收到心跳: AgentID=debian-1754880857, Status=online
2025/08/11 01:43:53 收到心跳: AgentID=debian-1753875293, Status=online
2025/08/11 01:43:58 收到心跳: AgentID=debian-1754885997, Status=online
2025/08/11 01:44:17 收到心跳: AgentID=debian-1754880857, Status=online
2025/08/11 01:44:23 收到心跳: AgentID=debian-1753875293, Status=online
2025/08/11 01:44:28 收到心跳: AgentID=debian-1754885997, Status=online
2025/08/11 01:44:47 收到心跳: AgentID=debian-1754880857, Status=online
2025/08/11 01:44:53 收到心跳: AgentID=debian-1753875293, Status=online
2025/08/11 01:44:58 收到心跳: AgentID=debian-1754885997, Status=online
2025/08/11 01:45:17 收到心跳: AgentID=debian-1754880857, Status=online
2025/08/11 01:45:23 收到心跳: AgentID=debian-1753875293, Status=online
2025/08/11 01:45:28 收到心跳: AgentID=debian-1754885997, Status=online
2025/08/11 01:45:47 收到心跳: AgentID=debian-1754880857, Status=online
2025/08/11 01:45:53 收到心跳: AgentID=debian-1753875293, Status=online
2025/08/11 01:45:58 收到心跳: AgentID=debian-1754885997, Status=online
2025/08/11 01:46:17 收到心跳: AgentID=debian-1754880857, Status=online
2025/08/11 01:46:23 收到心跳: AgentID=debian-1753875293, Status=online
2025/08/11 01:46:28 收到心跳: AgentID=debian-1754885997, Status=online
2025/08/11 01:46:47 收到心跳: AgentID=debian-1754880857, Status=online
2025/08/11 01:46:53 收到心跳: AgentID=debian-1753875293, Status=online
2025/08/11 01:46:58 收到心跳: AgentID=debian-1754885997, Status=online
2025/08/11 01:47:17 收到心跳: AgentID=debian-1754880857, Status=online
2025/08/11 01:47:23 收到心跳: AgentID=debian-1753875293, Status=online
2025/08/11 01:47:28 收到心跳: AgentID=debian-1754885997, Status=online
2025/08/11 01:47:47 收到心跳: AgentID=debian-1754880857, Status=online
2025/08/11 01:47:53 收到心跳: AgentID=debian-1753875293, Status=online
2025/08/11 01:47:58 收到心跳: AgentID=debian-1754885997, Status=online
2025/08/11 01:48:17 收到心跳: AgentID=debian-1754880857, Status=online
2025/08/11 01:48:23 收到心跳: AgentID=debian-1753875293, Status=online
2025/08/11 01:48:28 收到心跳: AgentID=debian-1754885997, Status=online
2025/08/11 01:48:47 收到心跳: AgentID=debian-1754880857, Status=online
2025/08/11 01:48:53 收到心跳: AgentID=debian-1753875293, Status=online
2025/08/11 01:48:58 收到心跳: AgentID=debian-1754885997, Status=online
2025/08/11 01:49:17 收到心跳: AgentID=debian-1754880857, Status=online
2025/08/11 01:49:23 收到心跳: AgentID=debian-1753875293, Status=online
2025/08/11 01:49:27 收到心跳: AgentID=debian-1754885997, Status=online
2025/08/11 01:49:47 收到心跳: AgentID=debian-1754880857, Status=online
2025/08/11 01:49:53 收到心跳: AgentID=debian-1753875293, Status=online
2025/08/11 01:49:57 收到心跳: AgentID=debian-1754885997, Status=online
2025/08/11 01:50:17 收到心跳: AgentID=debian-1754880857, Status=online
2025/08/11 01:50:23 收到心跳: AgentID=debian-1753875293, Status=online
2025/08/11 01:50:28 收到心跳: AgentID=debian-1754885997, Status=online
2025/08/11 01:50:47 收到心跳: AgentID=debian-1754880857, Status=online
2025/08/11 01:50:53 收到心跳: AgentID=debian-1753875293, Status=online
2025/08/11 01:50:58 收到心跳: AgentID=debian-1754885997, Status=online
2025/08/11 01:51:17 收到心跳: AgentID=debian-1754880857, Status=online
2025/08/11 01:51:23 收到心跳: AgentID=debian-1753875293, Status=online
2025/08/11 01:51:27 收到心跳: AgentID=debian-1754885997, Status=online
2025/08/11 01:51:47 收到心跳: AgentID=debian-1754880857, Status=online
2025/08/11 01:51:53 收到心跳: AgentID=debian-1753875293, Status=online
2025/08/11 01:51:58 收到心跳: AgentID=debian-1754885997, Status=online
2025/08/11 01:52:17 收到心跳: AgentID=debian-1754880857, Status=online
2025/08/11 01:52:23 收到心跳: AgentID=debian-1753875293, Status=online
2025/08/11 01:52:28 收到心跳: AgentID=debian-1754885997, Status=online
2025/08/11 01:52:47 收到心跳: AgentID=debian-1754880857, Status=online
2025/08/11 01:52:53 收到心跳: AgentID=debian-1753875293, Status=online
2025/08/11 01:52:58 收到心跳: AgentID=debian-1754885997, Status=online
2025/08/11 01:53:17 收到心跳: AgentID=debian-1754880857, Status=online
2025/08/11 01:53:23 收到心跳: AgentID=debian-1753875293, Status=online
2025/08/11 01:53:27 收到心跳: AgentID=debian-1754885997, Status=online
2025/08/11 01:53:47 收到心跳: AgentID=debian-1754880857, Status=online
2025/08/11 01:53:53 收到心跳: AgentID=debian-1753875293, Status=online
2025/08/11 01:53:58 收到心跳: AgentID=debian-1754885997, Status=online
2025/08/11 01:54:17 收到心跳: AgentID=debian-1754880857, Status=online
2025/08/11 01:54:23 收到心跳: AgentID=debian-1753875293, Status=online
2025/08/11 01:54:28 收到心跳: AgentID=debian-1754885997, Status=online
2025/08/11 01:54:47 收到心跳: AgentID=debian-1754880857, Status=online
2025/08/11 01:54:53 收到心跳: AgentID=debian-1753875293, Status=online
2025/08/11 01:54:58 收到心跳: AgentID=debian-1754885997, Status=online
2025/08/11 01:55:17 收到心跳: AgentID=debian-1754880857, Status=online
2025/08/11 01:55:23 收到心跳: AgentID=debian-1753875293, Status=online
2025/08/11 01:55:27 收到心跳: AgentID=debian-1754885997, Status=online
2025/08/11 01:55:47 收到心跳: AgentID=debian-1754880857, Status=online
2025/08/11 01:55:53 收到心跳: AgentID=debian-1753875293, Status=online
2025/08/11 01:55:58 收到心跳: AgentID=debian-1754885997, Status=online
2025/08/11 01:56:17 收到心跳: AgentID=debian-1754880857, Status=online
2025/08/11 01:56:23 收到心跳: AgentID=debian-1753875293, Status=online
2025/08/11 01:56:28 收到心跳: AgentID=debian-1754885997, Status=online
2025/08/11 01:56:47 收到心跳: AgentID=debian-1754880857, Status=online
2025/08/11 01:56:53 收到心跳: AgentID=debian-1753875293, Status=online
2025/08/11 01:56:58 收到心跳: AgentID=debian-1754885997, Status=online
2025/08/11 01:57:17 收到心跳: AgentID=debian-1754880857, Status=online
2025/08/11 01:57:23 收到心跳: AgentID=debian-1753875293, Status=online
2025/08/11 01:57:27 收到心跳: AgentID=debian-1754885997, Status=online
2025/08/11 01:57:47 收到心跳: AgentID=debian-1754880857, Status=online
2025/08/11 01:57:53 收到心跳: AgentID=debian-1753875293, Status=online
2025/08/11 01:57:57 收到心跳: AgentID=debian-1754885997, Status=online
2025/08/11 01:58:17 收到心跳: AgentID=debian-1754880857, Status=online
2025/08/11 01:58:23 收到心跳: AgentID=debian-1753875293, Status=online
2025/08/11 01:58:27 收到心跳: AgentID=debian-1754885997, Status=online
2025/08/11 01:58:47 收到心跳: AgentID=debian-1754880857, Status=online
2025/08/11 01:58:53 收到心跳: AgentID=debian-1753875293, Status=online
2025/08/11 01:58:58 收到心跳: AgentID=debian-1754885997, Status=online
2025/08/11 01:59:17 收到心跳: AgentID=debian-1754880857, Status=online
2025/08/11 01:59:23 收到心跳: AgentID=debian-1753875293, Status=online
2025/08/11 01:59:27 收到心跳: AgentID=debian-1754885997, Status=online
2025/08/11 01:59:47 收到心跳: AgentID=debian-1754880857, Status=online
2025/08/11 01:59:53 收到心跳: AgentID=debian-1753875293, Status=online
2025/08/11 01:59:58 收到心跳: AgentID=debian-1754885997, Status=online
2025/08/11 02:00:17 收到心跳: AgentID=debian-1754880857, Status=online
2025/08/11 02:00:23 收到心跳: AgentID=debian-1753875293, Status=online
2025/08/11 02:00:28 收到心跳: AgentID=debian-1754885997, Status=online
2025/08/11 02:00:47 收到心跳: AgentID=debian-1754880857, Status=online
2025/08/11 02:00:53 收到心跳: AgentID=debian-1753875293, Status=online
2025/08/11 02:00:57 收到心跳: AgentID=debian-1754885997, Status=online
2025/08/11 02:01:17 收到心跳: AgentID=debian-1754880857, Status=online
2025/08/11 02:01:23 收到心跳: AgentID=debian-1753875293, Status=online
2025/08/11 02:01:27 收到心跳: AgentID=debian-1754885997, Status=online
2025/08/11 02:01:47 收到心跳: AgentID=debian-1754880857, Status=online
2025/08/11 02:01:53 收到心跳: AgentID=debian-1753875293, Status=online
2025/08/11 02:01:57 收到心跳: AgentID=debian-1754885997, Status=online
2025/08/11 02:02:17 收到心跳: AgentID=debian-1754880857, Status=online
2025/08/11 02:02:23 收到心跳: AgentID=debian-1753875293, Status=online
2025/08/11 02:02:27 收到心跳: AgentID=debian-1754885997, Status=online
2025/08/11 02:02:47 收到心跳: AgentID=debian-1754880857, Status=online
2025/08/11 02:02:53 收到心跳: AgentID=debian-1753875293, Status=online
2025/08/11 02:02:58 收到心跳: AgentID=debian-1754885997, Status=online
2025/08/11 02:03:17 收到心跳: AgentID=debian-1754880857, Status=online
2025/08/11 02:03:23 收到心跳: AgentID=debian-1753875293, Status=online
2025/08/11 02:03:28 收到心跳: AgentID=debian-1754885997, Status=online
2025/08/11 02:03:47 收到心跳: AgentID=debian-1754880857, Status=online
2025/08/11 02:03:53 收到心跳: AgentID=debian-1753875293, Status=online
2025/08/11 02:03:57 收到心跳: AgentID=debian-1754885997, Status=online
2025/08/11 02:04:17 收到心跳: AgentID=debian-1754880857, Status=online
2025/08/11 02:04:23 收到心跳: AgentID=debian-1753875293, Status=online
2025/08/11 02:04:28 收到心跳: AgentID=debian-1754885997, Status=online
2025/08/11 02:04:47 收到心跳: AgentID=debian-1754880857, Status=online
2025/08/11 02:04:53 收到心跳: AgentID=debian-1753875293, Status=online
2025/08/11 02:04:58 收到心跳: AgentID=debian-1754885997, Status=online
2025/08/11 02:05:17 收到心跳: AgentID=debian-1754880857, Status=online
2025/08/11 02:05:23 收到心跳: AgentID=debian-1753875293, Status=online
2025/08/11 02:05:27 收到心跳: AgentID=debian-1754885997, Status=online
2025/08/11 02:05:47 收到心跳: AgentID=debian-1754880857, Status=online
2025/08/11 02:05:53 收到心跳: AgentID=debian-1753875293, Status=online
2025/08/11 02:05:57 收到心跳: AgentID=debian-1754885997, Status=online
2025/08/11 02:06:17 收到心跳: AgentID=debian-1754880857, Status=online
2025/08/11 02:06:23 收到心跳: AgentID=debian-1753875293, Status=online
2025/08/11 02:06:28 收到心跳: AgentID=debian-1754885997, Status=online
2025/08/11 02:06:47 收到心跳: AgentID=debian-1754880857, Status=online
2025/08/11 02:06:53 收到心跳: AgentID=debian-1753875293, Status=online
2025/08/11 02:06:57 收到心跳: AgentID=debian-1754885997, Status=online
2025/08/11 02:07:17 收到心跳: AgentID=debian-1754880857, Status=online
2025/08/11 02:07:23 收到心跳: AgentID=debian-1753875293, Status=online
2025/08/11 02:07:27 收到心跳: AgentID=debian-1754885997, Status=online
2025/08/11 02:07:47 收到心跳: AgentID=debian-1754880857, Status=online
2025/08/11 02:07:53 收到心跳: AgentID=debian-1753875293, Status=online
2025/08/11 02:07:57 收到心跳: AgentID=debian-1754885997, Status=online
2025/08/11 02:08:17 收到心跳: AgentID=debian-1754880857, Status=online
2025/08/11 02:08:23 收到心跳: AgentID=debian-1753875293, Status=online
2025/08/11 02:08:28 收到心跳: AgentID=debian-1754885997, Status=online
2025/08/11 02:08:47 收到心跳: AgentID=debian-1754880857, Status=online
2025/08/11 02:08:53 收到心跳: AgentID=debian-1753875293, Status=online
2025/08/11 02:08:58 收到心跳: AgentID=debian-1754885997, Status=online
2025/08/11 02:09:17 收到心跳: AgentID=debian-1754880857, Status=online
2025/08/11 02:09:23 收到心跳: AgentID=debian-1753875293, Status=online
2025/08/11 02:09:28 收到心跳: AgentID=debian-1754885997, Status=online
2025/08/11 02:09:47 收到心跳: AgentID=debian-1754880857, Status=online
2025/08/11 02:09:53 收到心跳: AgentID=debian-1753875293, Status=online
2025/08/11 02:09:57 收到心跳: AgentID=debian-1754885997, Status=online
2025/08/11 02:10:17 收到心跳: AgentID=debian-1754880857, Status=online
2025/08/11 02:10:23 收到心跳: AgentID=debian-1753875293, Status=online
2025/08/11 02:10:28 收到心跳: AgentID=debian-1754885997, Status=online
2025/08/11 02:10:47 收到心跳: AgentID=debian-1754880857, Status=online
2025/08/11 02:10:53 收到心跳: AgentID=debian-1753875293, Status=online
2025/08/11 02:10:58 收到心跳: AgentID=debian-1754885997, Status=online
2025/08/11 02:11:17 收到心跳: AgentID=debian-1754880857, Status=online
2025/08/11 02:11:23 收到心跳: AgentID=debian-1753875293, Status=online
2025/08/11 02:11:28 收到心跳: AgentID=debian-1754885997, Status=online
2025/08/11 02:11:47 收到心跳: AgentID=debian-1754880857, Status=online
2025/08/11 02:11:53 收到心跳: AgentID=debian-1753875293, Status=online
2025/08/11 02:11:58 收到心跳: AgentID=debian-1754885997, Status=online
2025/08/11 02:12:17 收到心跳: AgentID=debian-1754880857, Status=online
2025/08/11 02:12:23 收到心跳: AgentID=debian-1753875293, Status=online
2025/08/11 02:12:28 收到心跳: AgentID=debian-1754885997, Status=online
2025/08/11 02:12:47 收到心跳: AgentID=debian-1754880857, Status=online
2025/08/11 02:12:53 收到心跳: AgentID=debian-1753875293, Status=online
2025/08/11 02:12:58 收到心跳: AgentID=debian-1754885997, Status=online
2025/08/11 02:13:17 收到心跳: AgentID=debian-1754880857, Status=online
2025/08/11 02:13:23 收到心跳: AgentID=debian-1753875293, Status=online
2025/08/11 02:13:27 收到心跳: AgentID=debian-1754885997, Status=online
2025/08/11 02:13:47 收到心跳: AgentID=debian-1754880857, Status=online
2025/08/11 02:13:53 收到心跳: AgentID=debian-1753875293, Status=online
2025/08/11 02:13:58 收到心跳: AgentID=debian-1754885997, Status=online
2025/08/11 02:14:17 收到心跳: AgentID=debian-1754880857, Status=online
2025/08/11 02:14:23 收到心跳: AgentID=debian-1753875293, Status=online
2025/08/11 02:14:28 收到心跳: AgentID=debian-1754885997, Status=online
2025/08/11 02:14:47 收到心跳: AgentID=debian-1754880857, Status=online
2025/08/11 02:14:53 收到心跳: AgentID=debian-1753875293, Status=online
2025/08/11 02:14:57 收到心跳: AgentID=debian-1754885997, Status=online
2025/08/11 02:15:17 收到心跳: AgentID=debian-1754880857, Status=online
2025/08/11 02:15:23 收到心跳: AgentID=debian-1753875293, Status=online
2025/08/11 02:15:28 收到心跳: AgentID=debian-1754885997, Status=online
2025/08/11 02:15:47 收到心跳: AgentID=debian-1754880857, Status=online
2025/08/11 02:15:53 收到心跳: AgentID=debian-1753875293, Status=online
2025/08/11 02:15:58 收到心跳: AgentID=debian-1754885997, Status=online
2025/08/11 02:16:17 收到心跳: AgentID=debian-1754880857, Status=online
2025/08/11 02:16:23 收到心跳: AgentID=debian-1753875293, Status=online
2025/08/11 02:16:28 收到心跳: AgentID=debian-1754885997, Status=online
2025/08/11 02:16:47 收到心跳: AgentID=debian-1754880857, Status=online
2025/08/11 02:16:53 收到心跳: AgentID=debian-1753875293, Status=online
2025/08/11 02:16:58 收到心跳: AgentID=debian-1754885997, Status=online
2025/08/11 02:17:17 收到心跳: AgentID=debian-1754880857, Status=online
2025/08/11 02:17:23 收到心跳: AgentID=debian-1753875293, Status=online
2025/08/11 02:17:28 收到心跳: AgentID=debian-1754885997, Status=online
2025/08/11 02:17:47 收到心跳: AgentID=debian-1754880857, Status=online
2025/08/11 02:17:53 收到心跳: AgentID=debian-1753875293, Status=online
2025/08/11 02:17:57 收到心跳: AgentID=debian-1754885997, Status=online
2025/08/11 02:18:17 收到心跳: AgentID=debian-1754880857, Status=online
2025/08/11 02:18:23 收到心跳: AgentID=debian-1753875293, Status=online
2025/08/11 02:18:27 收到心跳: AgentID=debian-1754885997, Status=online
2025/08/11 02:18:47 收到心跳: AgentID=debian-1754880857, Status=online
2025/08/11 02:18:53 收到心跳: AgentID=debian-1753875293, Status=online
2025/08/11 02:18:58 收到心跳: AgentID=debian-1754885997, Status=online
2025/08/11 02:19:17 收到心跳: AgentID=debian-1754880857, Status=online
2025/08/11 02:19:23 收到心跳: AgentID=debian-1753875293, Status=online
2025/08/11 02:19:28 收到心跳: AgentID=debian-1754885997, Status=online
2025/08/11 02:19:47 收到心跳: AgentID=debian-1754880857, Status=online
2025/08/11 02:19:53 收到心跳: AgentID=debian-1753875293, Status=online
2025/08/11 02:19:57 收到心跳: AgentID=debian-1754885997, Status=online
2025/08/11 02:20:17 收到心跳: AgentID=debian-1754880857, Status=online
2025/08/11 02:20:23 收到心跳: AgentID=debian-1753875293, Status=online
2025/08/11 02:20:27 收到心跳: AgentID=debian-1754885997, Status=online
2025/08/11 02:20:47 收到心跳: AgentID=debian-1754880857, Status=online
2025/08/11 02:20:53 收到心跳: AgentID=debian-1753875293, Status=online
2025/08/11 02:20:57 收到心跳: AgentID=debian-1754885997, Status=online
2025/08/11 02:21:17 收到心跳: AgentID=debian-1754880857, Status=online
2025/08/11 02:21:23 收到心跳: AgentID=debian-1753875293, Status=online
2025/08/11 02:21:27 收到心跳: AgentID=debian-1754885997, Status=online
2025/08/11 02:21:47 收到心跳: AgentID=debian-1754880857, Status=online
2025/08/11 02:21:53 收到心跳: AgentID=debian-1753875293, Status=online
2025/08/11 02:21:58 收到心跳: AgentID=debian-1754885997, Status=online
2025/08/11 02:22:17 收到心跳: AgentID=debian-1754880857, Status=online
2025/08/11 02:22:23 收到心跳: AgentID=debian-1753875293, Status=online
2025/08/11 02:22:27 收到心跳: AgentID=debian-1754885997, Status=online
2025/08/11 02:22:47 收到心跳: AgentID=debian-1754880857, Status=online
2025/08/11 02:22:53 收到心跳: AgentID=debian-1753875293, Status=online
2025/08/11 02:22:58 收到心跳: AgentID=debian-1754885997, Status=online
2025/08/11 02:23:17 收到心跳: AgentID=debian-1754880857, Status=online
2025/08/11 02:23:23 收到心跳: AgentID=debian-1753875293, Status=online
2025/08/11 02:23:28 收到心跳: AgentID=debian-1754885997, Status=online
2025/08/11 02:23:47 收到心跳: AgentID=debian-1754880857, Status=online
2025/08/11 02:23:53 收到心跳: AgentID=debian-1753875293, Status=online
2025/08/11 02:23:58 收到心跳: AgentID=debian-1754885997, Status=online
2025/08/11 02:24:17 收到心跳: AgentID=debian-1754880857, Status=online
2025/08/11 02:24:23 收到心跳: AgentID=debian-1753875293, Status=online
2025/08/11 02:24:27 收到心跳: AgentID=debian-1754885997, Status=online
2025/08/11 02:24:47 收到心跳: AgentID=debian-1754880857, Status=online
2025/08/11 02:24:53 收到心跳: AgentID=debian-1753875293, Status=online
2025/08/11 02:24:58 收到心跳: AgentID=debian-1754885997, Status=online
2025/08/11 02:25:17 收到心跳: AgentID=debian-1754880857, Status=online
2025/08/11 02:25:23 收到心跳: AgentID=debian-1753875293, Status=online
2025/08/11 02:25:28 收到心跳: AgentID=debian-1754885997, Status=online
2025/08/11 02:25:47 收到心跳: AgentID=debian-1754880857, Status=online
2025/08/11 02:25:53 收到心跳: AgentID=debian-1753875293, Status=online
2025/08/11 02:25:58 收到心跳: AgentID=debian-1754885997, Status=online
2025/08/11 02:26:17 收到心跳: AgentID=debian-1754880857, Status=online
2025/08/11 02:26:23 收到心跳: AgentID=debian-1753875293, Status=online
2025/08/11 02:26:27 收到心跳: AgentID=debian-1754885997, Status=online
2025/08/11 02:26:47 收到心跳: AgentID=debian-1754880857, Status=online
2025/08/11 02:26:53 收到心跳: AgentID=debian-1753875293, Status=online
2025/08/11 02:26:58 收到心跳: AgentID=debian-1754885997, Status=online
2025/08/11 02:27:17 收到心跳: AgentID=debian-1754880857, Status=online
2025/08/11 02:27:23 收到心跳: AgentID=debian-1753875293, Status=online
2025/08/11 02:27:28 收到心跳: AgentID=debian-1754885997, Status=online
2025/08/11 02:27:47 收到心跳: AgentID=debian-1754880857, Status=online
2025/08/11 02:27:53 收到心跳: AgentID=debian-1753875293, Status=online
2025/08/11 02:27:58 收到心跳: AgentID=debian-1754885997, Status=online
2025/08/11 02:28:17 收到心跳: AgentID=debian-1754880857, Status=online
2025/08/11 02:28:23 收到心跳: AgentID=debian-1753875293, Status=online
2025/08/11 02:28:27 收到心跳: AgentID=debian-1754885997, Status=online
2025/08/11 02:28:47 收到心跳: AgentID=debian-1754880857, Status=online
2025/08/11 02:28:53 收到心跳: AgentID=debian-1753875293, Status=online
2025/08/11 02:28:57 收到心跳: AgentID=debian-1754885997, Status=online
2025/08/11 02:29:17 收到心跳: AgentID=debian-1754880857, Status=online
2025/08/11 02:29:23 收到心跳: AgentID=debian-1753875293, Status=online
2025/08/11 02:29:28 收到心跳: AgentID=debian-1754885997, Status=online
2025/08/11 02:29:47 收到心跳: AgentID=debian-1754880857, Status=online
2025/08/11 02:29:53 收到心跳: AgentID=debian-1753875293, Status=online
2025/08/11 02:29:58 收到心跳: AgentID=debian-1754885997, Status=online
2025/08/11 02:30:17 收到心跳: AgentID=debian-1754880857, Status=online
2025/08/11 02:30:23 收到心跳: AgentID=debian-1753875293, Status=online
2025/08/11 02:30:27 收到心跳: AgentID=debian-1754885997, Status=online
2025/08/11 02:30:47 收到心跳: AgentID=debian-1754880857, Status=online
2025/08/11 02:30:53 收到心跳: AgentID=debian-1753875293, Status=online
2025/08/11 02:30:57 收到心跳: AgentID=debian-1754885997, Status=online
2025/08/11 02:31:17 收到心跳: AgentID=debian-1754880857, Status=online
2025/08/11 02:31:23 收到心跳: AgentID=debian-1753875293, Status=online
2025/08/11 02:31:28 收到心跳: AgentID=debian-1754885997, Status=online
2025/08/11 02:31:47 收到心跳: AgentID=debian-1754880857, Status=online
